{"numTotalTestSuites":5,"numPassedTestSuites":1,"numFailedTestSuites":4,"numPendingTestSuites":0,"numTotalTests":16,"numPassedTests":10,"numFailedTests":6,"numPendingTests":0,"numTodoTests":0,"snapshot":{"added":0,"failure":false,"filesAdded":0,"filesRemoved":0,"filesRemovedList":[],"filesUnmatched":0,"filesUpdated":0,"matched":0,"total":0,"unchecked":0,"uncheckedKeysByFile":[],"unmatched":0,"updated":0,"didUpdate":false},"startTime":1753568565783,"success":false,"testResults":[{"assertionResults":[{"ancestorTitles":["localStorage State Management","Data Validation"],"fullName":"localStorage State Management Data Validation should validate valid conversation state","status":"passed","title":"should validate valid conversation state","duration":9.908541000000696,"failureMessages":[],"location":{"line":148,"column":5},"meta":{}},{"ancestorTitles":["localStorage State Management","Data Validation"],"fullName":"localStorage State Management Data Validation should reject state with invalid step","status":"passed","title":"should reject state with invalid step","duration":0.2942079999993439,"failureMessages":[],"location":{"line":165,"column":5},"meta":{}},{"ancestorTitles":["localStorage State Management","Data Validation"],"fullName":"localStorage State Management Data Validation should reject state with invalid meal configuration","status":"passed","title":"should reject state with invalid meal configuration","duration":0.24029199999858974,"failureMessages":[],"location":{"line":177,"column":5},"meta":{}},{"ancestorTitles":["localStorage State Management","Data Validation"],"fullName":"localStorage State Management Data Validation should reject state with missing required fields","status":"passed","title":"should reject state with missing required fields","duration":0.3190410000006523,"failureMessages":[],"location":{"line":191,"column":5},"meta":{}},{"ancestorTitles":["localStorage State Management","Data Validation"],"fullName":"localStorage State Management Data Validation should reject state with step beyond conversation length","status":"passed","title":"should reject state with step beyond conversation length","duration":0.16662499999983993,"failureMessages":[],"location":{"line":200,"column":5},"meta":{}},{"ancestorTitles":["localStorage State Management","Save and Load Operations"],"fullName":"localStorage State Management Save and Load Operations should save and load valid state correctly","status":"passed","title":"should save and load valid state correctly","duration":1.2200420000008307,"failureMessages":[],"location":{"line":214,"column":5},"meta":{}},{"ancestorTitles":["localStorage State Management","Save and Load Operations"],"fullName":"localStorage State Management Save and Load Operations should handle corrupted JSON gracefully","status":"failed","title":"should handle corrupted JSON gracefully","duration":13.799708000000464,"failureMessages":["AssertionError: expected { Object (step, preferences, ...) } to be null // Object.is equality\n    at /Users/jonathanjaklitsch/chefscart/chefscart/tests/unit/localStorage.test.ts:242:22\n    at file:///Users/jonathanjaklitsch/chefscart/chefscart/node_modules/@vitest/runner/dist/chunk-hooks.js:155:11\n    at file:///Users/jonathanjaklitsch/chefscart/chefscart/node_modules/@vitest/runner/dist/chunk-hooks.js:752:26\n    at file:///Users/jonathanjaklitsch/chefscart/chefscart/node_modules/@vitest/runner/dist/chunk-hooks.js:1897:20\n    at new Promise (<anonymous>)\n    at runWithTimeout (file:///Users/jonathanjaklitsch/chefscart/chefscart/node_modules/@vitest/runner/dist/chunk-hooks.js:1863:10)\n    at runTest (file:///Users/jonathanjaklitsch/chefscart/chefscart/node_modules/@vitest/runner/dist/chunk-hooks.js:1574:12)\n    at runSuite (file:///Users/jonathanjaklitsch/chefscart/chefscart/node_modules/@vitest/runner/dist/chunk-hooks.js:1729:8)\n    at runSuite (file:///Users/jonathanjaklitsch/chefscart/chefscart/node_modules/@vitest/runner/dist/chunk-hooks.js:1729:8)\n    at runSuite (file:///Users/jonathanjaklitsch/chefscart/chefscart/node_modules/@vitest/runner/dist/chunk-hooks.js:1729:8)"],"location":{"line":237,"column":5},"meta":{}},{"ancestorTitles":["localStorage State Management","Save and Load Operations"],"fullName":"localStorage State Management Save and Load Operations should handle version mismatch gracefully","status":"failed","title":"should handle version mismatch gracefully","duration":0.9052919999994629,"failureMessages":["AssertionError: expected { Object (step, preferences, ...) } to be null // Object.is equality\n    at /Users/jonathanjaklitsch/chefscart/chefscart/tests/unit/localStorage.test.ts:261:22\n    at file:///Users/jonathanjaklitsch/chefscart/chefscart/node_modules/@vitest/runner/dist/chunk-hooks.js:155:11\n    at file:///Users/jonathanjaklitsch/chefscart/chefscart/node_modules/@vitest/runner/dist/chunk-hooks.js:752:26\n    at file:///Users/jonathanjaklitsch/chefscart/chefscart/node_modules/@vitest/runner/dist/chunk-hooks.js:1897:20\n    at new Promise (<anonymous>)\n    at runWithTimeout (file:///Users/jonathanjaklitsch/chefscart/chefscart/node_modules/@vitest/runner/dist/chunk-hooks.js:1863:10)\n    at runTest (file:///Users/jonathanjaklitsch/chefscart/chefscart/node_modules/@vitest/runner/dist/chunk-hooks.js:1574:12)\n    at runSuite (file:///Users/jonathanjaklitsch/chefscart/chefscart/node_modules/@vitest/runner/dist/chunk-hooks.js:1729:8)\n    at runSuite (file:///Users/jonathanjaklitsch/chefscart/chefscart/node_modules/@vitest/runner/dist/chunk-hooks.js:1729:8)\n    at runSuite (file:///Users/jonathanjaklitsch/chefscart/chefscart/node_modules/@vitest/runner/dist/chunk-hooks.js:1729:8)"],"location":{"line":248,"column":5},"meta":{}},{"ancestorTitles":["localStorage State Management","Save and Load Operations"],"fullName":"localStorage State Management Save and Load Operations should handle invalid state schema gracefully","status":"failed","title":"should handle invalid state schema gracefully","duration":0.6523340000003373,"failureMessages":["AssertionError: expected { Object (step, preferences, ...) } to be null // Object.is equality\n    at /Users/jonathanjaklitsch/chefscart/chefscart/tests/unit/localStorage.test.ts:279:22\n    at file:///Users/jonathanjaklitsch/chefscart/chefscart/node_modules/@vitest/runner/dist/chunk-hooks.js:155:11\n    at file:///Users/jonathanjaklitsch/chefscart/chefscart/node_modules/@vitest/runner/dist/chunk-hooks.js:752:26\n    at file:///Users/jonathanjaklitsch/chefscart/chefscart/node_modules/@vitest/runner/dist/chunk-hooks.js:1897:20\n    at new Promise (<anonymous>)\n    at runWithTimeout (file:///Users/jonathanjaklitsch/chefscart/chefscart/node_modules/@vitest/runner/dist/chunk-hooks.js:1863:10)\n    at runTest (file:///Users/jonathanjaklitsch/chefscart/chefscart/node_modules/@vitest/runner/dist/chunk-hooks.js:1574:12)\n    at runSuite (file:///Users/jonathanjaklitsch/chefscart/chefscart/node_modules/@vitest/runner/dist/chunk-hooks.js:1729:8)\n    at runSuite (file:///Users/jonathanjaklitsch/chefscart/chefscart/node_modules/@vitest/runner/dist/chunk-hooks.js:1729:8)\n    at runSuite (file:///Users/jonathanjaklitsch/chefscart/chefscart/node_modules/@vitest/runner/dist/chunk-hooks.js:1729:8)"],"location":{"line":267,"column":5},"meta":{}},{"ancestorTitles":["localStorage State Management","Save and Load Operations"],"fullName":"localStorage State Management Save and Load Operations should handle quota exceeded error with retry","status":"failed","title":"should handle quota exceeded error with retry","duration":24.98474999999962,"failureMessages":["AssertionError: expected \"spy\" to be called with arguments: [ 'chefscart_conversation_state' ]\u001b[90m\n\nNumber of calls: \u001b[1m0\u001b[22m\n\u001b[39m\n    at Proxy.<anonymous> (file:///Users/jonathanjaklitsch/chefscart/chefscart/node_modules/@vitest/expect/dist/index.js:1355:10)\n    at Proxy.<anonymous> (file:///Users/jonathanjaklitsch/chefscart/chefscart/node_modules/@vitest/expect/dist/index.js:1029:14)\n    at Proxy.methodWrapper (file:///Users/jonathanjaklitsch/chefscart/chefscart/node_modules/chai/chai.js:1706:25)\n    at /Users/jonathanjaklitsch/chefscart/chefscart/tests/unit/localStorage.test.ts:306:43\n    at file:///Users/jonathanjaklitsch/chefscart/chefscart/node_modules/@vitest/runner/dist/chunk-hooks.js:155:11\n    at file:///Users/jonathanjaklitsch/chefscart/chefscart/node_modules/@vitest/runner/dist/chunk-hooks.js:752:26\n    at file:///Users/jonathanjaklitsch/chefscart/chefscart/node_modules/@vitest/runner/dist/chunk-hooks.js:1897:20\n    at new Promise (<anonymous>)\n    at runWithTimeout (file:///Users/jonathanjaklitsch/chefscart/chefscart/node_modules/@vitest/runner/dist/chunk-hooks.js:1863:10)\n    at runTest (file:///Users/jonathanjaklitsch/chefscart/chefscart/node_modules/@vitest/runner/dist/chunk-hooks.js:1574:12)"],"location":{"line":285,"column":5},"meta":{}},{"ancestorTitles":["localStorage State Management","Save and Load Operations"],"fullName":"localStorage State Management Save and Load Operations should return null when localStorage is not available","status":"passed","title":"should return null when localStorage is not available","duration":0.2712919999994483,"failureMessages":[],"location":{"line":310,"column":5},"meta":{}},{"ancestorTitles":["localStorage State Management","Edge Cases"],"fullName":"localStorage State Management Edge Cases should handle empty localStorage","status":"failed","title":"should handle empty localStorage","duration":0.6379579999993439,"failureMessages":["AssertionError: expected { step: 1, preferences: {}, …(5) } to be null // Object.is equality\n    at /Users/jonathanjaklitsch/chefscart/chefscart/tests/unit/localStorage.test.ts:326:22\n    at file:///Users/jonathanjaklitsch/chefscart/chefscart/node_modules/@vitest/runner/dist/chunk-hooks.js:155:11\n    at file:///Users/jonathanjaklitsch/chefscart/chefscart/node_modules/@vitest/runner/dist/chunk-hooks.js:752:26\n    at file:///Users/jonathanjaklitsch/chefscart/chefscart/node_modules/@vitest/runner/dist/chunk-hooks.js:1897:20\n    at new Promise (<anonymous>)\n    at runWithTimeout (file:///Users/jonathanjaklitsch/chefscart/chefscart/node_modules/@vitest/runner/dist/chunk-hooks.js:1863:10)\n    at runTest (file:///Users/jonathanjaklitsch/chefscart/chefscart/node_modules/@vitest/runner/dist/chunk-hooks.js:1574:12)\n    at runSuite (file:///Users/jonathanjaklitsch/chefscart/chefscart/node_modules/@vitest/runner/dist/chunk-hooks.js:1729:8)\n    at runSuite (file:///Users/jonathanjaklitsch/chefscart/chefscart/node_modules/@vitest/runner/dist/chunk-hooks.js:1729:8)\n    at runSuite (file:///Users/jonathanjaklitsch/chefscart/chefscart/node_modules/@vitest/runner/dist/chunk-hooks.js:1729:8)"],"location":{"line":323,"column":5},"meta":{}},{"ancestorTitles":["localStorage State Management","Edge Cases"],"fullName":"localStorage State Management Edge Cases should handle null values in localStorage","status":"failed","title":"should handle null values in localStorage","duration":1.3435420000005251,"failureMessages":["AssertionError: expected { step: 1, preferences: {}, …(5) } to be null // Object.is equality\n    at /Users/jonathanjaklitsch/chefscart/chefscart/tests/unit/localStorage.test.ts:332:22\n    at file:///Users/jonathanjaklitsch/chefscart/chefscart/node_modules/@vitest/runner/dist/chunk-hooks.js:155:11\n    at file:///Users/jonathanjaklitsch/chefscart/chefscart/node_modules/@vitest/runner/dist/chunk-hooks.js:752:26\n    at file:///Users/jonathanjaklitsch/chefscart/chefscart/node_modules/@vitest/runner/dist/chunk-hooks.js:1897:20\n    at new Promise (<anonymous>)\n    at runWithTimeout (file:///Users/jonathanjaklitsch/chefscart/chefscart/node_modules/@vitest/runner/dist/chunk-hooks.js:1863:10)\n    at runTest (file:///Users/jonathanjaklitsch/chefscart/chefscart/node_modules/@vitest/runner/dist/chunk-hooks.js:1574:12)\n    at runSuite (file:///Users/jonathanjaklitsch/chefscart/chefscart/node_modules/@vitest/runner/dist/chunk-hooks.js:1729:8)\n    at runSuite (file:///Users/jonathanjaklitsch/chefscart/chefscart/node_modules/@vitest/runner/dist/chunk-hooks.js:1729:8)\n    at runSuite (file:///Users/jonathanjaklitsch/chefscart/chefscart/node_modules/@vitest/runner/dist/chunk-hooks.js:1729:8)"],"location":{"line":329,"column":5},"meta":{}},{"ancestorTitles":["localStorage State Management","Edge Cases"],"fullName":"localStorage State Management Edge Cases should validate meal configuration with edge values","status":"passed","title":"should validate meal configuration with edge values","duration":0.6243749999994179,"failureMessages":[],"location":{"line":335,"column":5},"meta":{}},{"ancestorTitles":["localStorage State Management","Edge Cases"],"fullName":"localStorage State Management Edge Cases should reject meal configuration with zero adults","status":"passed","title":"should reject meal configuration with zero adults","duration":0.15495799999916926,"failureMessages":[],"location":{"line":350,"column":5},"meta":{}},{"ancestorTitles":["localStorage State Management","Edge Cases"],"fullName":"localStorage State Management Edge Cases should reject meal configuration with negative kids","status":"passed","title":"should reject meal configuration with negative kids","duration":0.1733749999984866,"failureMessages":[],"location":{"line":364,"column":5},"meta":{}}],"startTime":1753568577011,"endTime":1753568577068.1733,"status":"failed","message":"","name":"/Users/jonathanjaklitsch/chefscart/chefscart/tests/unit/localStorage.test.ts"}]}