{"numTotalTestSuites":8,"numPassedTestSuites":8,"numFailedTestSuites":0,"numPendingTestSuites":0,"numTotalTests":21,"numPassedTests":21,"numFailedTests":0,"numPendingTests":0,"numTodoTests":0,"snapshot":{"added":0,"failure":false,"filesAdded":0,"filesRemoved":0,"filesRemovedList":[],"filesUnmatched":0,"filesUpdated":0,"matched":0,"total":0,"unchecked":0,"uncheckedKeysByFile":[],"unmatched":0,"updated":0,"didUpdate":false},"startTime":1753621219351,"success":true,"testResults":[{"assertionResults":[{"ancestorTitles":["Conversation Flow Utilities","getStepById"],"fullName":"Conversation Flow Utilities getStepById returns the correct step for valid id","status":"passed","title":"returns the correct step for valid id","duration":0.7168750000000728,"failureMessages":[],"location":{"line":16,"column":5},"meta":{}},{"ancestorTitles":["Conversation Flow Utilities","getStepById"],"fullName":"Conversation Flow Utilities getStepById returns null for invalid id","status":"passed","title":"returns null for invalid id","duration":0.1440420000000131,"failureMessages":[],"location":{"line":23,"column":5},"meta":{}},{"ancestorTitles":["Conversation Flow Utilities","getNextStep"],"fullName":"Conversation Flow Utilities getNextStep returns first step when currentStepId is null","status":"passed","title":"returns first step when currentStepId is null","duration":0.17962499999998727,"failureMessages":[],"location":{"line":30,"column":5},"meta":{}},{"ancestorTitles":["Conversation Flow Utilities","getNextStep"],"fullName":"Conversation Flow Utilities getNextStep returns next step in sequence","status":"passed","title":"returns next step in sequence","duration":0.08079099999997652,"failureMessages":[],"location":{"line":36,"column":5},"meta":{}},{"ancestorTitles":["Conversation Flow Utilities","getNextStep"],"fullName":"Conversation Flow Utilities getNextStep skips completed steps","status":"passed","title":"skips completed steps","duration":0.13229200000000674,"failureMessages":[],"location":{"line":43,"column":5},"meta":{}},{"ancestorTitles":["Conversation Flow Utilities","getNextStep"],"fullName":"Conversation Flow Utilities getNextStep returns null when no more steps available","status":"passed","title":"returns null when no more steps available","duration":0.12112500000000637,"failureMessages":[],"location":{"line":50,"column":5},"meta":{}},{"ancestorTitles":["Conversation Flow Utilities","getNextStep"],"fullName":"Conversation Flow Utilities getNextStep respects step dependencies","status":"passed","title":"respects step dependencies","duration":0.05370900000002621,"failureMessages":[],"location":{"line":56,"column":5},"meta":{}},{"ancestorTitles":["Conversation Flow Utilities","isFlowComplete"],"fullName":"Conversation Flow Utilities isFlowComplete returns false when required steps are not completed","status":"passed","title":"returns false when required steps are not completed","duration":0.05983299999991232,"failureMessages":[],"location":{"line":66,"column":5},"meta":{}},{"ancestorTitles":["Conversation Flow Utilities","isFlowComplete"],"fullName":"Conversation Flow Utilities isFlowComplete returns true when all required steps are completed","status":"passed","title":"returns true when all required steps are completed","duration":0.11379099999999198,"failureMessages":[],"location":{"line":71,"column":5},"meta":{}},{"ancestorTitles":["Conversation Flow Utilities","isFlowComplete"],"fullName":"Conversation Flow Utilities isFlowComplete returns true even if optional steps are not completed","status":"passed","title":"returns true even if optional steps are not completed","duration":0.14274999999997817,"failureMessages":[],"location":{"line":77,"column":5},"meta":{}},{"ancestorTitles":["Conversation Flow Utilities","validateStepData"],"fullName":"Conversation Flow Utilities validateStepData returns true for step without validator","status":"passed","title":"returns true for step without validator","duration":0.05770900000004531,"failureMessages":[],"location":{"line":85,"column":5},"meta":{}},{"ancestorTitles":["Conversation Flow Utilities","validateStepData"],"fullName":"Conversation Flow Utilities validateStepData validates meal_types step correctly","status":"passed","title":"validates meal_types step correctly","duration":0.10583300000007512,"failureMessages":[],"location":{"line":90,"column":5},"meta":{}},{"ancestorTitles":["Conversation Flow Utilities","validateStepData"],"fullName":"Conversation Flow Utilities validateStepData validates cooking_time step correctly","status":"passed","title":"validates cooking_time step correctly","duration":0.08020799999997053,"failureMessages":[],"location":{"line":96,"column":5},"meta":{}},{"ancestorTitles":["Conversation Flow Utilities","validateStepData"],"fullName":"Conversation Flow Utilities validateStepData returns true for non-existent step","status":"passed","title":"returns true for non-existent step","duration":0.20420799999999417,"failureMessages":[],"location":{"line":103,"column":5},"meta":{}},{"ancestorTitles":["Conversation Flow Utilities","Quick Reply Configurations"],"fullName":"Conversation Flow Utilities Quick Reply Configurations has meal type quick replies with correct structure","status":"passed","title":"has meal type quick replies with correct structure","duration":0.803124999999909,"failureMessages":[],"location":{"line":110,"column":5},"meta":{}},{"ancestorTitles":["Conversation Flow Utilities","Quick Reply Configurations"],"fullName":"Conversation Flow Utilities Quick Reply Configurations has dietary restriction quick replies","status":"passed","title":"has dietary restriction quick replies","duration":0.19537500000001273,"failureMessages":[],"location":{"line":120,"column":5},"meta":{}},{"ancestorTitles":["Conversation Flow Utilities","Quick Reply Configurations"],"fullName":"Conversation Flow Utilities Quick Reply Configurations has cooking time quick replies","status":"passed","title":"has cooking time quick replies","duration":0.15020799999990686,"failureMessages":[],"location":{"line":130,"column":5},"meta":{}},{"ancestorTitles":["Conversation Flow Utilities","Quick Reply Configurations"],"fullName":"Conversation Flow Utilities Quick Reply Configurations has cuisine preference quick replies","status":"passed","title":"has cuisine preference quick replies","duration":0.1877079999999296,"failureMessages":[],"location":{"line":140,"column":5},"meta":{}},{"ancestorTitles":["Conversation Flow Utilities","Conversation Steps Configuration"],"fullName":"Conversation Flow Utilities Conversation Steps Configuration has all required steps defined","status":"passed","title":"has all required steps defined","duration":0.30766700000003766,"failureMessages":[],"location":{"line":152,"column":5},"meta":{}},{"ancestorTitles":["Conversation Flow Utilities","Conversation Steps Configuration"],"fullName":"Conversation Flow Utilities Conversation Steps Configuration has correct dependencies defined","status":"passed","title":"has correct dependencies defined","duration":0.15791600000000017,"failureMessages":[],"location":{"line":161,"column":5},"meta":{}},{"ancestorTitles":["Conversation Flow Utilities","Conversation Steps Configuration"],"fullName":"Conversation Flow Utilities Conversation Steps Configuration has required fields properly set","status":"passed","title":"has required fields properly set","duration":0.060042000000066764,"failureMessages":[],"location":{"line":172,"column":5},"meta":{}}],"startTime":1753621219851,"endTime":1753621219856.158,"status":"passed","message":"","name":"/Users/jonathanjaklitsch/chefscart/chefscart/tests/unit/components/conversationFlow.test.ts"}]}